[2015-06-29 20:17:39] request.INFO: Matched route "parametrage" (parameters: "_controller": "Fdr\AdminBundle\Controller\ParametrageController::editAction", "_route": "parametrage") [] []
[2015-06-29 20:17:39] security.DEBUG: Read SecurityContext from the session [] []
[2015-06-29 20:17:39] security.DEBUG: Reloading user from user provider. [] []
[2015-06-29 20:17:39] doctrine.DEBUG: SELECT t0.username AS username1, t0.username_canonical AS username_canonical2, t0.email AS email3, t0.email_canonical AS email_canonical4, t0.enabled AS enabled5, t0.salt AS salt6, t0.password AS password7, t0.last_login AS last_login8, t0.locked AS locked9, t0.expired AS expired10, t0.expires_at AS expires_at11, t0.confirmation_token AS confirmation_token12, t0.password_requested_at AS password_requested_at13, t0.roles AS roles14, t0.credentials_expired AS credentials_expired15, t0.credentials_expire_at AS credentials_expire_at16, t0.id AS id17, t0.nom AS nom18, t0.prenom AS prenom19, t0.matricule AS matricule20, t0.cin AS cin21, t0.tel AS tel22, t0.adresse AS adresse23, t0.depot_id AS depot_id24 FROM fdr_utilisateur t0 WHERE t0.id = ? LIMIT 1 [1] []
[2015-06-29 20:17:39] security.DEBUG: Username "admin" was reloaded from user provider. [] []
[2015-06-29 20:17:39] event.DEBUG: Notified event "kernel.request" to listener "Symfony\Component\HttpKernel\EventListener\DebugHandlersListener::configure". [] []
[2015-06-29 20:17:39] event.DEBUG: Notified event "kernel.request" to listener "Symfony\Bundle\FrameworkBundle\EventListener\SessionListener::onKernelRequest". [] []
[2015-06-29 20:17:39] event.DEBUG: Notified event "kernel.request" to listener "Symfony\Component\HttpKernel\EventListener\FragmentListener::onKernelRequest". [] []
[2015-06-29 20:17:39] event.DEBUG: Notified event "kernel.request" to listener "Symfony\Component\HttpKernel\EventListener\RouterListener::onKernelRequest". [] []
[2015-06-29 20:17:39] event.DEBUG: Notified event "kernel.request" to listener "Symfony\Component\HttpKernel\EventListener\LocaleListener::onKernelRequest". [] []
[2015-06-29 20:17:39] event.DEBUG: Notified event "kernel.request" to listener "Symfony\Component\HttpKernel\EventListener\TranslatorListener::onKernelRequest". [] []
[2015-06-29 20:17:39] event.DEBUG: Notified event "kernel.request" to listener "Symfony\Component\Security\Http\Firewall::onKernelRequest". [] []
[2015-06-29 20:17:39] event.DEBUG: Notified event "kernel.request" to listener "Fdr\AdminBundle\EventListener\HookListener::onKernelRequest". [] []
[2015-06-29 20:17:39] event.DEBUG: Notified event "kernel.request" to listener "Knp\Bundle\PaginatorBundle\Subscriber\SlidingPaginationSubscriber::onKernelRequest". [] []
[2015-06-29 20:17:39] event.DEBUG: Notified event "kernel.controller" to listener "Sensio\Bundle\FrameworkExtraBundle\EventListener\ControllerListener::onKernelController". [] []
[2015-06-29 20:17:39] event.DEBUG: Notified event "kernel.controller" to listener "Sensio\Bundle\FrameworkExtraBundle\EventListener\ParamConverterListener::onKernelController". [] []
[2015-06-29 20:17:39] event.DEBUG: Notified event "kernel.controller" to listener "Sensio\Bundle\FrameworkExtraBundle\EventListener\HttpCacheListener::onKernelController". [] []
[2015-06-29 20:17:39] event.DEBUG: Notified event "kernel.controller" to listener "Sensio\Bundle\FrameworkExtraBundle\EventListener\SecurityListener::onKernelController". [] []
[2015-06-29 20:17:39] event.DEBUG: Notified event "kernel.controller" to listener "Sensio\Bundle\FrameworkExtraBundle\EventListener\TemplateListener::onKernelController". [] []
[2015-06-29 20:17:39] doctrine.DEBUG: SELECT t0.id AS id1, t0.nomRole AS nomRole2, t0.description AS description3, t0.affFDR AS affFDR4, t0.crFDR AS crFDR5, t0.upFDR AS upFDR6, t0.delFDR AS delFDR7, t0.cancelFDR AS cancelFDR8, t0.imprimerFDR AS imprimerFDR9, t0.rechercherFDR AS rechercherFDR10, t0.affFDRPanne AS affFDRPanne11, t0.crFDRPanne AS crFDRPanne12, t0.upFDRPanne AS upFDRPanne13, t0.delFDRPanne AS delFDRPanne14, t0.affFDRAutrAgence AS affFDRAutrAgence15, t0.crFDRAutrAgence AS crFDRAutrAgence16, t0.upFDRAutrAgence AS upFDRAutrAgence17, t0.delFDRAutrAgence AS delFDRAutrAgence18, t0.imprimerFDL AS imprimerFDL19, t0.rechercherFDL AS rechercherFDL20, t0.ttEtatAfficherParFdl AS ttEtatAfficherParFdl21, t0.crClientCompeFDL AS crClientCompeFDL22, t0.affClientCompeFDL AS affClientCompeFDL23, t0.upClientCompeFDL AS upClientCompeFDL24, t0.delClientCompeFDL AS delClientCompeFDL25, t0.cancelClientCompeFDL AS cancelClientCompeFDL26, t0.crClientNnCompeFDL AS crClientNnCompeFDL27, t0.affClientNnCompeFDL AS affClientNnCompeFDL28, t0.upClientNnCompeFDL AS upClientNnCompeFDL29, t0.delClientNnCompeFDL AS delClientNnCompeFDL30, t0.cancelClientNnCompeFDL AS cancelClientNnCompeFDL31, t0.affectationVehicule AS affectationVehicule32, t0.affectationChauffManu AS affectationChauffManu33, t0.cloturerFDR AS cloturerFDR34, t0.upCloturerFDR AS upCloturerFDR35, t0.cloturerFDRAffr AS cloturerFDRAffr36, t0.upCloturerFDRAffr AS upCloturerFDRAffr37, t0.confRecDocCtm AS confRecDocCtm38, t0.confRecDocClient AS confRecDocClient39, t0.editCompteur AS editCompteur40, t0.editerPercentAssurParam AS editerPercentAssurParam41, t0.editerPlageHoraireParam AS editerPlageHoraireParam42, t0.affClient AS affClient43, t0.crClient AS crClient44, t0.upClient AS upClient45, t0.delClient AS delClient46, t0.affVehicule AS affVehicule47, t0.crVehicule AS crVehicule48, t0.upVehicule AS upVehicule49, t0.delVehicule AS delVehicule50, t0.affChauffeur AS affChauffeur51, t0.crChauffeur AS crChauffeur52, t0.upChauffeur AS upChauffeur53, t0.delChauffeur AS delChauffeur54, t0.affUtilisateur AS affUtilisateur55, t0.crUtilisateur AS crUtilisateur56, t0.upUtilisateur AS upUtilisateur57, t0.delUtilisateur AS delUtilisateur58, t0.affDepot AS affDepot59, t0.crDepot AS crDepot60, t0.upDepot AS upDepot61, t0.delDepot AS delDepot62, t0.affFiliale AS affFiliale63, t0.crFiliale AS crFiliale64, t0.upFiliale AS upFiliale65, t0.delFiliale AS delFiliale66, t0.affManutentionnaire AS affManutentionnaire67, t0.crManutentionnaire AS crManutentionnaire68, t0.upManutentionnaire AS upManutentionnaire69, t0.delManutentionnaire AS delManutentionnaire70, t0.affIndisponibilite AS affIndisponibilite71, t0.crIndisponibilite AS crIndisponibilite72, t0.upIndisponibilite AS upIndisponibilite73, t0.delIndisponibilite AS delIndisponibilite74, t0.affSecteur AS affSecteur75, t0.crSecteur AS crSecteur76, t0.upSecteur AS upSecteur77, t0.delSecteur AS delSecteur78, t0.affTypePrestation AS affTypePrestation79, t0.crTypePrestation AS crTypePrestation80, t0.upTypePrestation AS upTypePrestation81, t0.delTypePrestation AS delTypePrestation82, t0.affTypeConsommation AS affTypeConsommation83, t0.crTypeConsommation AS crTypeConsommation84, t0.upTypeConsommation AS upTypeConsommation85, t0.delTypeConsommation AS delTypeConsommation86, t0.affBonCarburantHuile AS affBonCarburantHuile87, t0.crBonCarburantHuile AS crBonCarburantHuile88, t0.upBonCarburantHuile AS upBonCarburantHuile89, t0.delBonCarburantHuile AS delBonCarburantHuile90, t0.affPeage AS affPeage91, t0.crPeage AS crPeage92, t0.upPeage AS upPeage93, t0.delPeage AS delPeage94, t0.affRole AS affRole95, t0.crRole AS crRole96, t0.upRole AS upRole97, t0.delRole AS delRole98, t0.affVille AS affVille99, t0.crVille AS crVille100, t0.upVille AS upVille101, t0.delVille AS delVille102, t0.affModification AS affModification103, t0.delModification AS delModification104, t0.reporting AS reporting105 FROM role t0 WHERE t0.nomRole = ? LIMIT 1 ["ADMIN"] []
[2015-06-29 20:17:39] doctrine.DEBUG: SELECT p0_.id AS id0, p0_.heureDebutDejeuner AS heureDebutDejeuner1, p0_.heureFinDejeuner AS heureFinDejeuner2, p0_.heureDebutDiner AS heureDebutDiner3, p0_.heureFinDiner AS heureFinDiner4, p0_.heureFinDecoucher AS heureFinDecoucher5, p0_.heureDebutDecoucher AS heureDebutDecoucher6, p0_.pourcentAssurance AS pourcentAssurance7, p0_.alerteDiffKm AS alerteDiffKm8, p0_.notesAccueil AS notesAccueil9 FROM parametrage p0_ LIMIT 1 [] []
[2015-06-29 20:17:40] event.DEBUG: Notified event "kernel.exception" to listener "Symfony\Component\Security\Http\Firewall\ExceptionListener::onKernelException". [] []
[2015-06-29 20:17:40] event.DEBUG: Notified event "kernel.exception" to listener "Fdr\AdminBundle\EventListener\HookListener::onKernelException". [] []
[2015-06-29 20:17:40] event.DEBUG: Listener "Fdr\AdminBundle\EventListener\HookListener::onKernelException" stopped propagation of the event "kernel.exception". [] []
[2015-06-29 20:17:40] event.DEBUG: Listener "Symfony\Component\HttpKernel\EventListener\ExceptionListener::onKernelException" was not called for event "kernel.exception". [] []
[2015-06-29 20:17:40] security.DEBUG: Write SecurityContext in the session [] []
[2015-06-29 20:17:40] event.DEBUG: Notified event "kernel.response" to listener "Symfony\Component\Security\Http\Firewall\ContextListener::onKernelResponse". [] []
[2015-06-29 20:17:40] event.DEBUG: Notified event "kernel.response" to listener "Symfony\Component\HttpKernel\EventListener\ResponseListener::onKernelResponse". [] []
[2015-06-29 20:17:40] event.DEBUG: Notified event "kernel.response" to listener "Symfony\Component\Security\Http\RememberMe\ResponseListener::onKernelResponse". [] []
[2015-06-29 20:17:40] event.DEBUG: Notified event "kernel.response" to listener "Sensio\Bundle\FrameworkExtraBundle\EventListener\HttpCacheListener::onKernelResponse". [] []
[2015-06-29 20:17:40] event.DEBUG: Notified event "kernel.response" to listener "Symfony\Component\HttpKernel\EventListener\SaveSessionListener::onKernelResponse". [] []
[2015-06-29 20:17:40] event.DEBUG: Notified event "kernel.response" to listener "Symfony\Component\HttpKernel\EventListener\StreamedResponseListener::onKernelResponse". [] []
[2015-06-29 20:17:40] event.DEBUG: Notified event "kernel.finish_request" to listener "Symfony\Component\HttpKernel\EventListener\LocaleListener::onKernelFinishRequest". [] []
[2015-06-29 20:17:40] event.DEBUG: Notified event "kernel.finish_request" to listener "Symfony\Component\HttpKernel\EventListener\TranslatorListener::onKernelFinishRequest". [] []
[2015-06-29 20:17:40] event.DEBUG: Notified event "kernel.finish_request" to listener "Symfony\Component\HttpKernel\EventListener\RouterListener::onKernelFinishRequest". [] []
[2015-06-29 20:17:40] event.DEBUG: Notified event "kernel.finish_request" to listener "Symfony\Component\Security\Http\Firewall::onKernelFinishRequest". [] []
[2015-06-29 20:17:42] app.ERROR: Exception occurred while flushing email queue: Connection could not be established with host smtp.gmail.com [Aucune connexion n’a pu être établie car l’ordinateur cible l’a expressément refusée.  #10061] [] []
[2015-06-29 20:17:42] event.DEBUG: Notified event "kernel.terminate" to listener "Symfony\Bundle\SwiftmailerBundle\EventListener\EmailSenderListener::onTerminate". [] []
[2015-06-30 09:03:09] request.INFO: Matched route "feuillederoute" (parameters: "_controller": "Fdr\AdminBundle\Controller\FeuilleDeRouteController::indexAction", "_route": "feuillederoute") [] []
[2015-06-30 09:03:09] security.DEBUG: Read SecurityContext from the session [] []
[2015-06-30 09:03:09] security.DEBUG: Reloading user from user provider. [] []
[2015-06-30 09:03:09] doctrine.DEBUG: SELECT t0.username AS username1, t0.username_canonical AS username_canonical2, t0.email AS email3, t0.email_canonical AS email_canonical4, t0.enabled AS enabled5, t0.salt AS salt6, t0.password AS password7, t0.last_login AS last_login8, t0.locked AS locked9, t0.expired AS expired10, t0.expires_at AS expires_at11, t0.confirmation_token AS confirmation_token12, t0.password_requested_at AS password_requested_at13, t0.roles AS roles14, t0.credentials_expired AS credentials_expired15, t0.credentials_expire_at AS credentials_expire_at16, t0.id AS id17, t0.nom AS nom18, t0.prenom AS prenom19, t0.matricule AS matricule20, t0.cin AS cin21, t0.tel AS tel22, t0.adresse AS adresse23, t0.depot_id AS depot_id24 FROM fdr_utilisateur t0 WHERE t0.id = ? LIMIT 1 [1] []
[2015-06-30 09:03:09] security.DEBUG: Username "admin" was reloaded from user provider. [] []
[2015-06-30 09:03:09] event.DEBUG: Notified event "kernel.request" to listener "Symfony\Component\HttpKernel\EventListener\DebugHandlersListener::configure". [] []
[2015-06-30 09:03:09] event.DEBUG: Notified event "kernel.request" to listener "Symfony\Bundle\FrameworkBundle\EventListener\SessionListener::onKernelRequest". [] []
[2015-06-30 09:03:09] event.DEBUG: Notified event "kernel.request" to listener "Symfony\Component\HttpKernel\EventListener\FragmentListener::onKernelRequest". [] []
[2015-06-30 09:03:09] event.DEBUG: Notified event "kernel.request" to listener "Symfony\Component\HttpKernel\EventListener\RouterListener::onKernelRequest". [] []
[2015-06-30 09:03:09] event.DEBUG: Notified event "kernel.request" to listener "Symfony\Component\HttpKernel\EventListener\LocaleListener::onKernelRequest". [] []
[2015-06-30 09:03:09] event.DEBUG: Notified event "kernel.request" to listener "Symfony\Component\HttpKernel\EventListener\TranslatorListener::onKernelRequest". [] []
[2015-06-30 09:03:09] event.DEBUG: Notified event "kernel.request" to listener "Symfony\Component\Security\Http\Firewall::onKernelRequest". [] []
[2015-06-30 09:03:09] event.DEBUG: Notified event "kernel.request" to listener "Fdr\AdminBundle\EventListener\HookListener::onKernelRequest". [] []
[2015-06-30 09:03:09] event.DEBUG: Notified event "kernel.request" to listener "Knp\Bundle\PaginatorBundle\Subscriber\SlidingPaginationSubscriber::onKernelRequest". [] []
[2015-06-30 09:03:09] event.DEBUG: Notified event "kernel.exception" to listener "Symfony\Component\Security\Http\Firewall\ExceptionListener::onKernelException". [] []
[2015-06-30 09:03:09] event.DEBUG: Notified event "kernel.exception" to listener "Fdr\AdminBundle\EventListener\HookListener::onKernelException". [] []
[2015-06-30 09:03:09] event.DEBUG: Listener "Fdr\AdminBundle\EventListener\HookListener::onKernelException" stopped propagation of the event "kernel.exception". [] []
[2015-06-30 09:03:09] event.DEBUG: Listener "Symfony\Component\HttpKernel\EventListener\ExceptionListener::onKernelException" was not called for event "kernel.exception". [] []
[2015-06-30 09:03:09] security.DEBUG: Write SecurityContext in the session [] []
[2015-06-30 09:03:09] event.DEBUG: Notified event "kernel.response" to listener "Symfony\Component\Security\Http\Firewall\ContextListener::onKernelResponse". [] []
[2015-06-30 09:03:09] event.DEBUG: Notified event "kernel.response" to listener "Symfony\Component\HttpKernel\EventListener\ResponseListener::onKernelResponse". [] []
[2015-06-30 09:03:09] event.DEBUG: Notified event "kernel.response" to listener "Symfony\Component\Security\Http\RememberMe\ResponseListener::onKernelResponse". [] []
[2015-06-30 09:03:09] event.DEBUG: Notified event "kernel.response" to listener "Sensio\Bundle\FrameworkExtraBundle\EventListener\HttpCacheListener::onKernelResponse". [] []
[2015-06-30 09:03:09] event.DEBUG: Notified event "kernel.response" to listener "Symfony\Component\HttpKernel\EventListener\SaveSessionListener::onKernelResponse". [] []
[2015-06-30 09:03:09] event.DEBUG: Notified event "kernel.response" to listener "Symfony\Component\HttpKernel\EventListener\StreamedResponseListener::onKernelResponse". [] []
[2015-06-30 09:03:09] event.DEBUG: Notified event "kernel.finish_request" to listener "Symfony\Component\HttpKernel\EventListener\LocaleListener::onKernelFinishRequest". [] []
[2015-06-30 09:03:09] event.DEBUG: Notified event "kernel.finish_request" to listener "Symfony\Component\HttpKernel\EventListener\TranslatorListener::onKernelFinishRequest". [] []
[2015-06-30 09:03:09] event.DEBUG: Notified event "kernel.finish_request" to listener "Symfony\Component\HttpKernel\EventListener\RouterListener::onKernelFinishRequest". [] []
[2015-06-30 09:03:09] event.DEBUG: Notified event "kernel.finish_request" to listener "Symfony\Component\Security\Http\Firewall::onKernelFinishRequest". [] []
[2015-06-30 09:03:11] app.ERROR: Exception occurred while flushing email queue: Connection could not be established with host smtp.gmail.com [Aucune connexion n’a pu être établie car l’ordinateur cible l’a expressément refusée.  #10061] [] []
[2015-06-30 09:03:11] event.DEBUG: Notified event "kernel.terminate" to listener "Symfony\Bundle\SwiftmailerBundle\EventListener\EmailSenderListener::onTerminate". [] []
[2015-06-30 10:39:55] request.INFO: Matched route "missionaffretement" (parameters: "_controller": "Fdr\AdminBundle\Controller\MissionAffretementController::indexAction", "etat": "ouverte", "_route": "missionaffretement") [] []
[2015-06-30 10:39:56] security.DEBUG: Read SecurityContext from the session [] []
[2015-06-30 10:39:56] security.DEBUG: Reloading user from user provider. [] []
[2015-06-30 10:39:56] doctrine.DEBUG: SELECT t0.username AS username1, t0.username_canonical AS username_canonical2, t0.email AS email3, t0.email_canonical AS email_canonical4, t0.enabled AS enabled5, t0.salt AS salt6, t0.password AS password7, t0.last_login AS last_login8, t0.locked AS locked9, t0.expired AS expired10, t0.expires_at AS expires_at11, t0.confirmation_token AS confirmation_token12, t0.password_requested_at AS password_requested_at13, t0.roles AS roles14, t0.credentials_expired AS credentials_expired15, t0.credentials_expire_at AS credentials_expire_at16, t0.id AS id17, t0.nom AS nom18, t0.prenom AS prenom19, t0.matricule AS matricule20, t0.cin AS cin21, t0.tel AS tel22, t0.adresse AS adresse23, t0.depot_id AS depot_id24 FROM fdr_utilisateur t0 WHERE t0.id = ? LIMIT 1 [1] []
[2015-06-30 10:39:56] security.DEBUG: Username "admin" was reloaded from user provider. [] []
[2015-06-30 10:39:56] event.DEBUG: Notified event "kernel.request" to listener "Symfony\Component\HttpKernel\EventListener\DebugHandlersListener::configure". [] []
[2015-06-30 10:39:56] event.DEBUG: Notified event "kernel.request" to listener "Symfony\Bundle\FrameworkBundle\EventListener\SessionListener::onKernelRequest". [] []
[2015-06-30 10:39:56] event.DEBUG: Notified event "kernel.request" to listener "Symfony\Component\HttpKernel\EventListener\FragmentListener::onKernelRequest". [] []
[2015-06-30 10:39:56] event.DEBUG: Notified event "kernel.request" to listener "Symfony\Component\HttpKernel\EventListener\RouterListener::onKernelRequest". [] []
[2015-06-30 10:39:56] event.DEBUG: Notified event "kernel.request" to listener "Symfony\Component\HttpKernel\EventListener\LocaleListener::onKernelRequest". [] []
[2015-06-30 10:39:56] event.DEBUG: Notified event "kernel.request" to listener "Symfony\Component\HttpKernel\EventListener\TranslatorListener::onKernelRequest". [] []
[2015-06-30 10:39:56] event.DEBUG: Notified event "kernel.request" to listener "Symfony\Component\Security\Http\Firewall::onKernelRequest". [] []
[2015-06-30 10:39:56] event.DEBUG: Notified event "kernel.request" to listener "Fdr\AdminBundle\EventListener\HookListener::onKernelRequest". [] []
[2015-06-30 10:39:56] event.DEBUG: Notified event "kernel.request" to listener "Knp\Bundle\PaginatorBundle\Subscriber\SlidingPaginationSubscriber::onKernelRequest". [] []
[2015-06-30 10:39:56] event.DEBUG: Notified event "kernel.controller" to listener "Sensio\Bundle\FrameworkExtraBundle\EventListener\ControllerListener::onKernelController". [] []
[2015-06-30 10:39:56] event.DEBUG: Notified event "kernel.controller" to listener "Sensio\Bundle\FrameworkExtraBundle\EventListener\ParamConverterListener::onKernelController". [] []
[2015-06-30 10:39:56] event.DEBUG: Notified event "kernel.controller" to listener "Sensio\Bundle\FrameworkExtraBundle\EventListener\HttpCacheListener::onKernelController". [] []
[2015-06-30 10:39:56] event.DEBUG: Notified event "kernel.controller" to listener "Sensio\Bundle\FrameworkExtraBundle\EventListener\SecurityListener::onKernelController". [] []
[2015-06-30 10:39:56] event.DEBUG: Notified event "kernel.controller" to listener "Sensio\Bundle\FrameworkExtraBundle\EventListener\TemplateListener::onKernelController". [] []
[2015-06-30 10:39:56] doctrine.DEBUG: SELECT t0.id AS id1, t0.nomRole AS nomRole2, t0.description AS description3, t0.affFDR AS affFDR4, t0.crFDR AS crFDR5, t0.upFDR AS upFDR6, t0.delFDR AS delFDR7, t0.cancelFDR AS cancelFDR8, t0.imprimerFDR AS imprimerFDR9, t0.rechercherFDR AS rechercherFDR10, t0.affFDRPanne AS affFDRPanne11, t0.crFDRPanne AS crFDRPanne12, t0.upFDRPanne AS upFDRPanne13, t0.delFDRPanne AS delFDRPanne14, t0.affFDRAutrAgence AS affFDRAutrAgence15, t0.crFDRAutrAgence AS crFDRAutrAgence16, t0.upFDRAutrAgence AS upFDRAutrAgence17, t0.delFDRAutrAgence AS delFDRAutrAgence18, t0.imprimerFDL AS imprimerFDL19, t0.rechercherFDL AS rechercherFDL20, t0.ttEtatAfficherParFdl AS ttEtatAfficherParFdl21, t0.crClientCompeFDL AS crClientCompeFDL22, t0.affClientCompeFDL AS affClientCompeFDL23, t0.upClientCompeFDL AS upClientCompeFDL24, t0.delClientCompeFDL AS delClientCompeFDL25, t0.cancelClientCompeFDL AS cancelClientCompeFDL26, t0.crClientNnCompeFDL AS crClientNnCompeFDL27, t0.affClientNnCompeFDL AS affClientNnCompeFDL28, t0.upClientNnCompeFDL AS upClientNnCompeFDL29, t0.delClientNnCompeFDL AS delClientNnCompeFDL30, t0.cancelClientNnCompeFDL AS cancelClientNnCompeFDL31, t0.affectationVehicule AS affectationVehicule32, t0.affectationChauffManu AS affectationChauffManu33, t0.cloturerFDR AS cloturerFDR34, t0.upCloturerFDR AS upCloturerFDR35, t0.cloturerFDRAffr AS cloturerFDRAffr36, t0.upCloturerFDRAffr AS upCloturerFDRAffr37, t0.confRecDocCtm AS confRecDocCtm38, t0.confRecDocClient AS confRecDocClient39, t0.editCompteur AS editCompteur40, t0.editerPercentAssurParam AS editerPercentAssurParam41, t0.editerPlageHoraireParam AS editerPlageHoraireParam42, t0.affClient AS affClient43, t0.crClient AS crClient44, t0.upClient AS upClient45, t0.delClient AS delClient46, t0.affVehicule AS affVehicule47, t0.crVehicule AS crVehicule48, t0.upVehicule AS upVehicule49, t0.delVehicule AS delVehicule50, t0.affChauffeur AS affChauffeur51, t0.crChauffeur AS crChauffeur52, t0.upChauffeur AS upChauffeur53, t0.delChauffeur AS delChauffeur54, t0.affUtilisateur AS affUtilisateur55, t0.crUtilisateur AS crUtilisateur56, t0.upUtilisateur AS upUtilisateur57, t0.delUtilisateur AS delUtilisateur58, t0.affDepot AS affDepot59, t0.crDepot AS crDepot60, t0.upDepot AS upDepot61, t0.delDepot AS delDepot62, t0.affFiliale AS affFiliale63, t0.crFiliale AS crFiliale64, t0.upFiliale AS upFiliale65, t0.delFiliale AS delFiliale66, t0.affManutentionnaire AS affManutentionnaire67, t0.crManutentionnaire AS crManutentionnaire68, t0.upManutentionnaire AS upManutentionnaire69, t0.delManutentionnaire AS delManutentionnaire70, t0.affIndisponibilite AS affIndisponibilite71, t0.crIndisponibilite AS crIndisponibilite72, t0.upIndisponibilite AS upIndisponibilite73, t0.delIndisponibilite AS delIndisponibilite74, t0.affSecteur AS affSecteur75, t0.crSecteur AS crSecteur76, t0.upSecteur AS upSecteur77, t0.delSecteur AS delSecteur78, t0.affTypePrestation AS affTypePrestation79, t0.crTypePrestation AS crTypePrestation80, t0.upTypePrestation AS upTypePrestation81, t0.delTypePrestation AS delTypePrestation82, t0.affTypeConsommation AS affTypeConsommation83, t0.crTypeConsommation AS crTypeConsommation84, t0.upTypeConsommation AS upTypeConsommation85, t0.delTypeConsommation AS delTypeConsommation86, t0.affBonCarburantHuile AS affBonCarburantHuile87, t0.crBonCarburantHuile AS crBonCarburantHuile88, t0.upBonCarburantHuile AS upBonCarburantHuile89, t0.delBonCarburantHuile AS delBonCarburantHuile90, t0.affPeage AS affPeage91, t0.crPeage AS crPeage92, t0.upPeage AS upPeage93, t0.delPeage AS delPeage94, t0.affRole AS affRole95, t0.crRole AS crRole96, t0.upRole AS upRole97, t0.delRole AS delRole98, t0.affVille AS affVille99, t0.crVille AS crVille100, t0.upVille AS upVille101, t0.delVille AS delVille102, t0.affModification AS affModification103, t0.delModification AS delModification104, t0.reporting AS reporting105 FROM role t0 WHERE t0.nomRole = ? LIMIT 1 ["ADMIN"] []
[2015-06-30 10:39:56] event.DEBUG: Notified event "kernel.exception" to listener "Symfony\Component\Security\Http\Firewall\ExceptionListener::onKernelException". [] []
[2015-06-30 10:39:56] event.DEBUG: Notified event "kernel.exception" to listener "Fdr\AdminBundle\EventListener\HookListener::onKernelException". [] []
[2015-06-30 10:39:56] event.DEBUG: Listener "Fdr\AdminBundle\EventListener\HookListener::onKernelException" stopped propagation of the event "kernel.exception". [] []
[2015-06-30 10:39:56] event.DEBUG: Listener "Symfony\Component\HttpKernel\EventListener\ExceptionListener::onKernelException" was not called for event "kernel.exception". [] []
[2015-06-30 10:39:56] security.DEBUG: Write SecurityContext in the session [] []
[2015-06-30 10:39:56] event.DEBUG: Notified event "kernel.response" to listener "Symfony\Component\Security\Http\Firewall\ContextListener::onKernelResponse". [] []
[2015-06-30 10:39:56] event.DEBUG: Notified event "kernel.response" to listener "Symfony\Component\HttpKernel\EventListener\ResponseListener::onKernelResponse". [] []
[2015-06-30 10:39:56] event.DEBUG: Notified event "kernel.response" to listener "Symfony\Component\Security\Http\RememberMe\ResponseListener::onKernelResponse". [] []
[2015-06-30 10:39:56] event.DEBUG: Notified event "kernel.response" to listener "Sensio\Bundle\FrameworkExtraBundle\EventListener\HttpCacheListener::onKernelResponse". [] []
[2015-06-30 10:39:56] event.DEBUG: Notified event "kernel.response" to listener "Symfony\Component\HttpKernel\EventListener\SaveSessionListener::onKernelResponse". [] []
[2015-06-30 10:39:56] event.DEBUG: Notified event "kernel.response" to listener "Symfony\Component\HttpKernel\EventListener\StreamedResponseListener::onKernelResponse". [] []
[2015-06-30 10:39:56] event.DEBUG: Notified event "kernel.finish_request" to listener "Symfony\Component\HttpKernel\EventListener\LocaleListener::onKernelFinishRequest". [] []
[2015-06-30 10:39:56] event.DEBUG: Notified event "kernel.finish_request" to listener "Symfony\Component\HttpKernel\EventListener\TranslatorListener::onKernelFinishRequest". [] []
[2015-06-30 10:39:56] event.DEBUG: Notified event "kernel.finish_request" to listener "Symfony\Component\HttpKernel\EventListener\RouterListener::onKernelFinishRequest". [] []
[2015-06-30 10:39:56] event.DEBUG: Notified event "kernel.finish_request" to listener "Symfony\Component\Security\Http\Firewall::onKernelFinishRequest". [] []
[2015-06-30 10:39:58] app.ERROR: Exception occurred while flushing email queue: Connection could not be established with host smtp.gmail.com [Aucune connexion n’a pu être établie car l’ordinateur cible l’a expressément refusée.  #10061] [] []
[2015-06-30 10:39:58] event.DEBUG: Notified event "kernel.terminate" to listener "Symfony\Bundle\SwiftmailerBundle\EventListener\EmailSenderListener::onTerminate". [] []
[2015-06-30 10:40:56] request.INFO: Matched route "depot" (parameters: "_controller": "Fdr\AdminBundle\Controller\DepotController::indexAction", "_route": "depot") [] []
[2015-06-30 10:40:56] security.DEBUG: Read SecurityContext from the session [] []
[2015-06-30 10:40:56] security.DEBUG: Reloading user from user provider. [] []
[2015-06-30 10:40:56] doctrine.DEBUG: SELECT t0.username AS username1, t0.username_canonical AS username_canonical2, t0.email AS email3, t0.email_canonical AS email_canonical4, t0.enabled AS enabled5, t0.salt AS salt6, t0.password AS password7, t0.last_login AS last_login8, t0.locked AS locked9, t0.expired AS expired10, t0.expires_at AS expires_at11, t0.confirmation_token AS confirmation_token12, t0.password_requested_at AS password_requested_at13, t0.roles AS roles14, t0.credentials_expired AS credentials_expired15, t0.credentials_expire_at AS credentials_expire_at16, t0.id AS id17, t0.nom AS nom18, t0.prenom AS prenom19, t0.matricule AS matricule20, t0.cin AS cin21, t0.tel AS tel22, t0.adresse AS adresse23, t0.depot_id AS depot_id24 FROM fdr_utilisateur t0 WHERE t0.id = ? LIMIT 1 [1] []
[2015-06-30 10:40:56] security.DEBUG: Username "admin" was reloaded from user provider. [] []
[2015-06-30 10:40:56] event.DEBUG: Notified event "kernel.request" to listener "Symfony\Component\HttpKernel\EventListener\DebugHandlersListener::configure". [] []
[2015-06-30 10:40:56] event.DEBUG: Notified event "kernel.request" to listener "Symfony\Bundle\FrameworkBundle\EventListener\SessionListener::onKernelRequest". [] []
[2015-06-30 10:40:56] event.DEBUG: Notified event "kernel.request" to listener "Symfony\Component\HttpKernel\EventListener\FragmentListener::onKernelRequest". [] []
[2015-06-30 10:40:56] event.DEBUG: Notified event "kernel.request" to listener "Symfony\Component\HttpKernel\EventListener\RouterListener::onKernelRequest". [] []
[2015-06-30 10:40:56] event.DEBUG: Notified event "kernel.request" to listener "Symfony\Component\HttpKernel\EventListener\LocaleListener::onKernelRequest". [] []
[2015-06-30 10:40:56] event.DEBUG: Notified event "kernel.request" to listener "Symfony\Component\HttpKernel\EventListener\TranslatorListener::onKernelRequest". [] []
[2015-06-30 10:40:56] event.DEBUG: Notified event "kernel.request" to listener "Symfony\Component\Security\Http\Firewall::onKernelRequest". [] []
[2015-06-30 10:40:56] event.DEBUG: Notified event "kernel.request" to listener "Fdr\AdminBundle\EventListener\HookListener::onKernelRequest". [] []
[2015-06-30 10:40:56] event.DEBUG: Notified event "kernel.request" to listener "Knp\Bundle\PaginatorBundle\Subscriber\SlidingPaginationSubscriber::onKernelRequest". [] []
[2015-06-30 10:40:56] event.DEBUG: Notified event "kernel.controller" to listener "Sensio\Bundle\FrameworkExtraBundle\EventListener\ControllerListener::onKernelController". [] []
[2015-06-30 10:40:56] event.DEBUG: Notified event "kernel.controller" to listener "Sensio\Bundle\FrameworkExtraBundle\EventListener\ParamConverterListener::onKernelController". [] []
[2015-06-30 10:40:56] event.DEBUG: Notified event "kernel.controller" to listener "Sensio\Bundle\FrameworkExtraBundle\EventListener\HttpCacheListener::onKernelController". [] []
[2015-06-30 10:40:56] event.DEBUG: Notified event "kernel.controller" to listener "Sensio\Bundle\FrameworkExtraBundle\EventListener\SecurityListener::onKernelController". [] []
[2015-06-30 10:40:56] event.DEBUG: Notified event "kernel.controller" to listener "Sensio\Bundle\FrameworkExtraBundle\EventListener\TemplateListener::onKernelController". [] []
[2015-06-30 10:40:56] doctrine.DEBUG: SELECT t0.id AS id1, t0.nomRole AS nomRole2, t0.description AS description3, t0.affFDR AS affFDR4, t0.crFDR AS crFDR5, t0.upFDR AS upFDR6, t0.delFDR AS delFDR7, t0.cancelFDR AS cancelFDR8, t0.imprimerFDR AS imprimerFDR9, t0.rechercherFDR AS rechercherFDR10, t0.affFDRPanne AS affFDRPanne11, t0.crFDRPanne AS crFDRPanne12, t0.upFDRPanne AS upFDRPanne13, t0.delFDRPanne AS delFDRPanne14, t0.affFDRAutrAgence AS affFDRAutrAgence15, t0.crFDRAutrAgence AS crFDRAutrAgence16, t0.upFDRAutrAgence AS upFDRAutrAgence17, t0.delFDRAutrAgence AS delFDRAutrAgence18, t0.imprimerFDL AS imprimerFDL19, t0.rechercherFDL AS rechercherFDL20, t0.ttEtatAfficherParFdl AS ttEtatAfficherParFdl21, t0.crClientCompeFDL AS crClientCompeFDL22, t0.affClientCompeFDL AS affClientCompeFDL23, t0.upClientCompeFDL AS upClientCompeFDL24, t0.delClientCompeFDL AS delClientCompeFDL25, t0.cancelClientCompeFDL AS cancelClientCompeFDL26, t0.crClientNnCompeFDL AS crClientNnCompeFDL27, t0.affClientNnCompeFDL AS affClientNnCompeFDL28, t0.upClientNnCompeFDL AS upClientNnCompeFDL29, t0.delClientNnCompeFDL AS delClientNnCompeFDL30, t0.cancelClientNnCompeFDL AS cancelClientNnCompeFDL31, t0.affectationVehicule AS affectationVehicule32, t0.affectationChauffManu AS affectationChauffManu33, t0.cloturerFDR AS cloturerFDR34, t0.upCloturerFDR AS upCloturerFDR35, t0.cloturerFDRAffr AS cloturerFDRAffr36, t0.upCloturerFDRAffr AS upCloturerFDRAffr37, t0.confRecDocCtm AS confRecDocCtm38, t0.confRecDocClient AS confRecDocClient39, t0.editCompteur AS editCompteur40, t0.editerPercentAssurParam AS editerPercentAssurParam41, t0.editerPlageHoraireParam AS editerPlageHoraireParam42, t0.affClient AS affClient43, t0.crClient AS crClient44, t0.upClient AS upClient45, t0.delClient AS delClient46, t0.affVehicule AS affVehicule47, t0.crVehicule AS crVehicule48, t0.upVehicule AS upVehicule49, t0.delVehicule AS delVehicule50, t0.affChauffeur AS affChauffeur51, t0.crChauffeur AS crChauffeur52, t0.upChauffeur AS upChauffeur53, t0.delChauffeur AS delChauffeur54, t0.affUtilisateur AS affUtilisateur55, t0.crUtilisateur AS crUtilisateur56, t0.upUtilisateur AS upUtilisateur57, t0.delUtilisateur AS delUtilisateur58, t0.affDepot AS affDepot59, t0.crDepot AS crDepot60, t0.upDepot AS upDepot61, t0.delDepot AS delDepot62, t0.affFiliale AS affFiliale63, t0.crFiliale AS crFiliale64, t0.upFiliale AS upFiliale65, t0.delFiliale AS delFiliale66, t0.affManutentionnaire AS affManutentionnaire67, t0.crManutentionnaire AS crManutentionnaire68, t0.upManutentionnaire AS upManutentionnaire69, t0.delManutentionnaire AS delManutentionnaire70, t0.affIndisponibilite AS affIndisponibilite71, t0.crIndisponibilite AS crIndisponibilite72, t0.upIndisponibilite AS upIndisponibilite73, t0.delIndisponibilite AS delIndisponibilite74, t0.affSecteur AS affSecteur75, t0.crSecteur AS crSecteur76, t0.upSecteur AS upSecteur77, t0.delSecteur AS delSecteur78, t0.affTypePrestation AS affTypePrestation79, t0.crTypePrestation AS crTypePrestation80, t0.upTypePrestation AS upTypePrestation81, t0.delTypePrestation AS delTypePrestation82, t0.affTypeConsommation AS affTypeConsommation83, t0.crTypeConsommation AS crTypeConsommation84, t0.upTypeConsommation AS upTypeConsommation85, t0.delTypeConsommation AS delTypeConsommation86, t0.affBonCarburantHuile AS affBonCarburantHuile87, t0.crBonCarburantHuile AS crBonCarburantHuile88, t0.upBonCarburantHuile AS upBonCarburantHuile89, t0.delBonCarburantHuile AS delBonCarburantHuile90, t0.affPeage AS affPeage91, t0.crPeage AS crPeage92, t0.upPeage AS upPeage93, t0.delPeage AS delPeage94, t0.affRole AS affRole95, t0.crRole AS crRole96, t0.upRole AS upRole97, t0.delRole AS delRole98, t0.affVille AS affVille99, t0.crVille AS crVille100, t0.upVille AS upVille101, t0.delVille AS delVille102, t0.affModification AS affModification103, t0.delModification AS delModification104, t0.reporting AS reporting105 FROM role t0 WHERE t0.nomRole = ? LIMIT 1 ["ADMIN"] []
[2015-06-30 10:40:57] event.DEBUG: Notified event "kernel.exception" to listener "Symfony\Component\Security\Http\Firewall\ExceptionListener::onKernelException". [] []
[2015-06-30 10:40:57] event.DEBUG: Notified event "kernel.exception" to listener "Fdr\AdminBundle\EventListener\HookListener::onKernelException". [] []
[2015-06-30 10:40:57] event.DEBUG: Listener "Fdr\AdminBundle\EventListener\HookListener::onKernelException" stopped propagation of the event "kernel.exception". [] []
[2015-06-30 10:40:57] event.DEBUG: Listener "Symfony\Component\HttpKernel\EventListener\ExceptionListener::onKernelException" was not called for event "kernel.exception". [] []
[2015-06-30 10:40:57] security.DEBUG: Write SecurityContext in the session [] []
[2015-06-30 10:40:57] event.DEBUG: Notified event "kernel.response" to listener "Symfony\Component\Security\Http\Firewall\ContextListener::onKernelResponse". [] []
[2015-06-30 10:40:57] event.DEBUG: Notified event "kernel.response" to listener "Symfony\Component\HttpKernel\EventListener\ResponseListener::onKernelResponse". [] []
[2015-06-30 10:40:57] event.DEBUG: Notified event "kernel.response" to listener "Symfony\Component\Security\Http\RememberMe\ResponseListener::onKernelResponse". [] []
[2015-06-30 10:40:57] event.DEBUG: Notified event "kernel.response" to listener "Sensio\Bundle\FrameworkExtraBundle\EventListener\HttpCacheListener::onKernelResponse". [] []
[2015-06-30 10:40:57] event.DEBUG: Notified event "kernel.response" to listener "Symfony\Component\HttpKernel\EventListener\SaveSessionListener::onKernelResponse". [] []
[2015-06-30 10:40:57] event.DEBUG: Notified event "kernel.response" to listener "Symfony\Component\HttpKernel\EventListener\StreamedResponseListener::onKernelResponse". [] []
[2015-06-30 10:40:57] event.DEBUG: Notified event "kernel.finish_request" to listener "Symfony\Component\HttpKernel\EventListener\LocaleListener::onKernelFinishRequest". [] []
[2015-06-30 10:40:57] event.DEBUG: Notified event "kernel.finish_request" to listener "Symfony\Component\HttpKernel\EventListener\TranslatorListener::onKernelFinishRequest". [] []
[2015-06-30 10:40:57] event.DEBUG: Notified event "kernel.finish_request" to listener "Symfony\Component\HttpKernel\EventListener\RouterListener::onKernelFinishRequest". [] []
[2015-06-30 10:40:57] event.DEBUG: Notified event "kernel.finish_request" to listener "Symfony\Component\Security\Http\Firewall::onKernelFinishRequest". [] []
[2015-06-30 10:41:11] app.ERROR: Exception occurred while flushing email queue: Connection could not be established with host smtp.gmail.com [Aucune connexion n’a pu être établie car l’ordinateur cible l’a expressément refusée.  #10061] [] []
[2015-06-30 10:41:11] event.DEBUG: Notified event "kernel.terminate" to listener "Symfony\Bundle\SwiftmailerBundle\EventListener\EmailSenderListener::onTerminate". [] []
[2015-06-30 11:12:43] request.INFO: Matched route "chauffeur" (parameters: "_controller": "Fdr\AdminBundle\Controller\ChauffeurController::indexAction", "_route": "chauffeur") [] []
[2015-06-30 11:12:43] security.DEBUG: Read SecurityContext from the session [] []
[2015-06-30 11:12:43] security.DEBUG: Reloading user from user provider. [] []
[2015-06-30 11:12:43] doctrine.DEBUG: SELECT t0.username AS username1, t0.username_canonical AS username_canonical2, t0.email AS email3, t0.email_canonical AS email_canonical4, t0.enabled AS enabled5, t0.salt AS salt6, t0.password AS password7, t0.last_login AS last_login8, t0.locked AS locked9, t0.expired AS expired10, t0.expires_at AS expires_at11, t0.confirmation_token AS confirmation_token12, t0.password_requested_at AS password_requested_at13, t0.roles AS roles14, t0.credentials_expired AS credentials_expired15, t0.credentials_expire_at AS credentials_expire_at16, t0.id AS id17, t0.nom AS nom18, t0.prenom AS prenom19, t0.matricule AS matricule20, t0.cin AS cin21, t0.tel AS tel22, t0.adresse AS adresse23, t0.depot_id AS depot_id24 FROM fdr_utilisateur t0 WHERE t0.id = ? LIMIT 1 [1] []
[2015-06-30 11:12:43] security.DEBUG: Username "admin" was reloaded from user provider. [] []
[2015-06-30 11:12:43] event.DEBUG: Notified event "kernel.request" to listener "Symfony\Component\HttpKernel\EventListener\DebugHandlersListener::configure". [] []
[2015-06-30 11:12:43] event.DEBUG: Notified event "kernel.request" to listener "Symfony\Bundle\FrameworkBundle\EventListener\SessionListener::onKernelRequest". [] []
[2015-06-30 11:12:43] event.DEBUG: Notified event "kernel.request" to listener "Symfony\Component\HttpKernel\EventListener\FragmentListener::onKernelRequest". [] []
[2015-06-30 11:12:43] event.DEBUG: Notified event "kernel.request" to listener "Symfony\Component\HttpKernel\EventListener\RouterListener::onKernelRequest". [] []
[2015-06-30 11:12:43] event.DEBUG: Notified event "kernel.request" to listener "Symfony\Component\HttpKernel\EventListener\LocaleListener::onKernelRequest". [] []
[2015-06-30 11:12:43] event.DEBUG: Notified event "kernel.request" to listener "Symfony\Component\HttpKernel\EventListener\TranslatorListener::onKernelRequest". [] []
[2015-06-30 11:12:43] event.DEBUG: Notified event "kernel.request" to listener "Symfony\Component\Security\Http\Firewall::onKernelRequest". [] []
[2015-06-30 11:12:43] event.DEBUG: Notified event "kernel.request" to listener "Fdr\AdminBundle\EventListener\HookListener::onKernelRequest". [] []
[2015-06-30 11:12:43] event.DEBUG: Notified event "kernel.request" to listener "Knp\Bundle\PaginatorBundle\Subscriber\SlidingPaginationSubscriber::onKernelRequest". [] []
[2015-06-30 11:12:43] event.DEBUG: Notified event "kernel.controller" to listener "Sensio\Bundle\FrameworkExtraBundle\EventListener\ControllerListener::onKernelController". [] []
[2015-06-30 11:12:43] event.DEBUG: Notified event "kernel.controller" to listener "Sensio\Bundle\FrameworkExtraBundle\EventListener\ParamConverterListener::onKernelController". [] []
[2015-06-30 11:12:43] event.DEBUG: Notified event "kernel.controller" to listener "Sensio\Bundle\FrameworkExtraBundle\EventListener\HttpCacheListener::onKernelController". [] []
[2015-06-30 11:12:43] event.DEBUG: Notified event "kernel.controller" to listener "Sensio\Bundle\FrameworkExtraBundle\EventListener\SecurityListener::onKernelController". [] []
[2015-06-30 11:12:43] event.DEBUG: Notified event "kernel.controller" to listener "Sensio\Bundle\FrameworkExtraBundle\EventListener\TemplateListener::onKernelController". [] []
[2015-06-30 11:12:43] doctrine.DEBUG: SELECT t0.id AS id1, t0.nomRole AS nomRole2, t0.description AS description3, t0.affFDR AS affFDR4, t0.crFDR AS crFDR5, t0.upFDR AS upFDR6, t0.delFDR AS delFDR7, t0.cancelFDR AS cancelFDR8, t0.imprimerFDR AS imprimerFDR9, t0.rechercherFDR AS rechercherFDR10, t0.affFDRPanne AS affFDRPanne11, t0.crFDRPanne AS crFDRPanne12, t0.upFDRPanne AS upFDRPanne13, t0.delFDRPanne AS delFDRPanne14, t0.affFDRAutrAgence AS affFDRAutrAgence15, t0.crFDRAutrAgence AS crFDRAutrAgence16, t0.upFDRAutrAgence AS upFDRAutrAgence17, t0.delFDRAutrAgence AS delFDRAutrAgence18, t0.imprimerFDL AS imprimerFDL19, t0.rechercherFDL AS rechercherFDL20, t0.ttEtatAfficherParFdl AS ttEtatAfficherParFdl21, t0.crClientCompeFDL AS crClientCompeFDL22, t0.affClientCompeFDL AS affClientCompeFDL23, t0.upClientCompeFDL AS upClientCompeFDL24, t0.delClientCompeFDL AS delClientCompeFDL25, t0.cancelClientCompeFDL AS cancelClientCompeFDL26, t0.crClientNnCompeFDL AS crClientNnCompeFDL27, t0.affClientNnCompeFDL AS affClientNnCompeFDL28, t0.upClientNnCompeFDL AS upClientNnCompeFDL29, t0.delClientNnCompeFDL AS delClientNnCompeFDL30, t0.cancelClientNnCompeFDL AS cancelClientNnCompeFDL31, t0.affectationVehicule AS affectationVehicule32, t0.affectationChauffManu AS affectationChauffManu33, t0.cloturerFDR AS cloturerFDR34, t0.upCloturerFDR AS upCloturerFDR35, t0.cloturerFDRAffr AS cloturerFDRAffr36, t0.upCloturerFDRAffr AS upCloturerFDRAffr37, t0.confRecDocCtm AS confRecDocCtm38, t0.confRecDocClient AS confRecDocClient39, t0.editCompteur AS editCompteur40, t0.editerPercentAssurParam AS editerPercentAssurParam41, t0.editerPlageHoraireParam AS editerPlageHoraireParam42, t0.affClient AS affClient43, t0.crClient AS crClient44, t0.upClient AS upClient45, t0.delClient AS delClient46, t0.affVehicule AS affVehicule47, t0.crVehicule AS crVehicule48, t0.upVehicule AS upVehicule49, t0.delVehicule AS delVehicule50, t0.affChauffeur AS affChauffeur51, t0.crChauffeur AS crChauffeur52, t0.upChauffeur AS upChauffeur53, t0.delChauffeur AS delChauffeur54, t0.affUtilisateur AS affUtilisateur55, t0.crUtilisateur AS crUtilisateur56, t0.upUtilisateur AS upUtilisateur57, t0.delUtilisateur AS delUtilisateur58, t0.affDepot AS affDepot59, t0.crDepot AS crDepot60, t0.upDepot AS upDepot61, t0.delDepot AS delDepot62, t0.affFiliale AS affFiliale63, t0.crFiliale AS crFiliale64, t0.upFiliale AS upFiliale65, t0.delFiliale AS delFiliale66, t0.affManutentionnaire AS affManutentionnaire67, t0.crManutentionnaire AS crManutentionnaire68, t0.upManutentionnaire AS upManutentionnaire69, t0.delManutentionnaire AS delManutentionnaire70, t0.affIndisponibilite AS affIndisponibilite71, t0.crIndisponibilite AS crIndisponibilite72, t0.upIndisponibilite AS upIndisponibilite73, t0.delIndisponibilite AS delIndisponibilite74, t0.affSecteur AS affSecteur75, t0.crSecteur AS crSecteur76, t0.upSecteur AS upSecteur77, t0.delSecteur AS delSecteur78, t0.affTypePrestation AS affTypePrestation79, t0.crTypePrestation AS crTypePrestation80, t0.upTypePrestation AS upTypePrestation81, t0.delTypePrestation AS delTypePrestation82, t0.affTypeConsommation AS affTypeConsommation83, t0.crTypeConsommation AS crTypeConsommation84, t0.upTypeConsommation AS upTypeConsommation85, t0.delTypeConsommation AS delTypeConsommation86, t0.affBonCarburantHuile AS affBonCarburantHuile87, t0.crBonCarburantHuile AS crBonCarburantHuile88, t0.upBonCarburantHuile AS upBonCarburantHuile89, t0.delBonCarburantHuile AS delBonCarburantHuile90, t0.affPeage AS affPeage91, t0.crPeage AS crPeage92, t0.upPeage AS upPeage93, t0.delPeage AS delPeage94, t0.affRole AS affRole95, t0.crRole AS crRole96, t0.upRole AS upRole97, t0.delRole AS delRole98, t0.affVille AS affVille99, t0.crVille AS crVille100, t0.upVille AS upVille101, t0.delVille AS delVille102, t0.affModification AS affModification103, t0.delModification AS delModification104, t0.reporting AS reporting105 FROM role t0 WHERE t0.nomRole = ? LIMIT 1 ["ADMIN"] []
[2015-06-30 11:12:43] event.DEBUG: Notified event "kernel.exception" to listener "Symfony\Component\Security\Http\Firewall\ExceptionListener::onKernelException". [] []
[2015-06-30 11:12:43] event.DEBUG: Notified event "kernel.exception" to listener "Fdr\AdminBundle\EventListener\HookListener::onKernelException". [] []
[2015-06-30 11:12:43] event.DEBUG: Listener "Fdr\AdminBundle\EventListener\HookListener::onKernelException" stopped propagation of the event "kernel.exception". [] []
[2015-06-30 11:12:43] event.DEBUG: Listener "Symfony\Component\HttpKernel\EventListener\ExceptionListener::onKernelException" was not called for event "kernel.exception". [] []
[2015-06-30 11:12:43] security.DEBUG: Write SecurityContext in the session [] []
[2015-06-30 11:12:43] event.DEBUG: Notified event "kernel.response" to listener "Symfony\Component\Security\Http\Firewall\ContextListener::onKernelResponse". [] []
[2015-06-30 11:12:43] event.DEBUG: Notified event "kernel.response" to listener "Symfony\Component\HttpKernel\EventListener\ResponseListener::onKernelResponse". [] []
[2015-06-30 11:12:43] event.DEBUG: Notified event "kernel.response" to listener "Symfony\Component\Security\Http\RememberMe\ResponseListener::onKernelResponse". [] []
[2015-06-30 11:12:43] event.DEBUG: Notified event "kernel.response" to listener "Sensio\Bundle\FrameworkExtraBundle\EventListener\HttpCacheListener::onKernelResponse". [] []
[2015-06-30 11:12:43] event.DEBUG: Notified event "kernel.response" to listener "Symfony\Component\HttpKernel\EventListener\SaveSessionListener::onKernelResponse". [] []
[2015-06-30 11:12:43] event.DEBUG: Notified event "kernel.response" to listener "Symfony\Component\HttpKernel\EventListener\StreamedResponseListener::onKernelResponse". [] []
[2015-06-30 11:12:43] event.DEBUG: Notified event "kernel.finish_request" to listener "Symfony\Component\HttpKernel\EventListener\LocaleListener::onKernelFinishRequest". [] []
[2015-06-30 11:12:43] event.DEBUG: Notified event "kernel.finish_request" to listener "Symfony\Component\HttpKernel\EventListener\TranslatorListener::onKernelFinishRequest". [] []
[2015-06-30 11:12:43] event.DEBUG: Notified event "kernel.finish_request" to listener "Symfony\Component\HttpKernel\EventListener\RouterListener::onKernelFinishRequest". [] []
[2015-06-30 11:12:43] event.DEBUG: Notified event "kernel.finish_request" to listener "Symfony\Component\Security\Http\Firewall::onKernelFinishRequest". [] []
[2015-06-30 11:12:46] app.ERROR: Exception occurred while flushing email queue: Connection could not be established with host smtp.gmail.com [Aucune connexion n’a pu être établie car l’ordinateur cible l’a expressément refusée.  #10061] [] []
[2015-06-30 11:12:46] event.DEBUG: Notified event "kernel.terminate" to listener "Symfony\Bundle\SwiftmailerBundle\EventListener\EmailSenderListener::onTerminate". [] []
